\BOOKMARK [0][-]{chapter*.1}{\376\377\144\130\211\201}{}% 1
\BOOKMARK [0][-]{chapter*.2}{\376\377\000A\000b\000s\000t\000r\000a\000c\000t}{}% 2
\BOOKMARK [0][-]{chapter*.4}{\376\377\143\322\126\376\166\356\137\125}{}% 3
\BOOKMARK [0][-]{chapter*.5}{\376\377\116\073\211\201\173\046\123\367\133\371\161\147\210\150}{}% 4
\BOOKMARK [0][-]{chapter.1}{\376\377\0001\000\040\176\352\213\272}{}% 5
\BOOKMARK [1][-]{section.1.1}{\376\377\0001\000.\0001\000\040\170\024\172\166\200\314\146\157\124\214\141\017\116\111}{chapter.1}% 6
\BOOKMARK [1][-]{section.1.2}{\376\377\0001\000.\0002\000\040\155\265\220\123\230\316\142\107\137\017\145\340\116\272\147\072\123\321\134\125\163\260\162\266}{chapter.1}% 7
\BOOKMARK [1][-]{section.1.3}{\376\377\0001\000.\0003\000\040\155\265\220\123\230\316\142\107\137\017\145\340\116\272\147\072\166\204\143\247\122\066\145\271\154\325\170\024\172\166\163\260\162\266}{chapter.1}% 8
\BOOKMARK [1][-]{section.1.4}{\376\377\0001\000.\0004\000\040\143\247\122\066\122\006\221\115\151\202\217\360}{chapter.1}% 9
\BOOKMARK [1][-]{section.1.5}{\376\377\0001\000.\0005\000\040\147\054\145\207\166\204\116\073\211\201\121\205\133\271\123\312\172\340\202\202\133\211\143\222}{chapter.1}% 10
\BOOKMARK [0][-]{chapter.2}{\376\377\0002\000\040\155\265\220\123\230\316\142\107\137\017\145\340\116\272\147\072\136\372\152\041}{}% 11
\BOOKMARK [1][-]{section.2.1}{\376\377\0002\000.\0001\000\040\127\120\150\007\174\373\133\232\116\111\123\312\217\320\122\250\145\271\172\013}{chapter.2}% 12
\BOOKMARK [2][-]{subsection.2.1.1}{\376\377\0002\000.\0001\000.\0001\000\040\127\120\150\007\174\373\133\232\116\111}{section.2.1}% 13
\BOOKMARK [2][-]{subsection.2.1.2}{\376\377\0002\000.\0001\000.\0002\000\040\217\320\122\250\133\146\145\271\172\013}{section.2.1}% 14
\BOOKMARK [2][-]{subsection.2.1.3}{\376\377\0002\000.\0001\000.\0003\000\040\122\250\122\233\133\146\145\271\172\013}{section.2.1}% 15
\BOOKMARK [1][-]{section.2.2}{\376\377\0002\000.\0002\000\040\123\125\155\265\220\123\122\250\122\233\133\146\122\006\147\220}{chapter.2}% 16
\BOOKMARK [2][-]{subsection.2.2.1}{\376\377\0002\000.\0002\000.\0001\000\040\147\072\216\253\122\250\122\233\133\146}{section.2.2}% 17
\BOOKMARK [2][-]{subsection.2.2.2}{\376\377\0002\000.\0002\000.\0002\000\040\155\265\220\123\230\316\142\107\122\250\122\233\133\146}{section.2.2}% 18
\BOOKMARK [2][-]{subsection.2.2.3}{\376\377\0002\000.\0002\000.\0003\000\040\155\265\220\123\122\250\122\233\133\146}{section.2.2}% 19
\BOOKMARK [2][-]{subsection.2.2.4}{\376\377\0002\000.\0002\000.\0004\000\040\144\315\176\265\227\142\122\250\122\233\133\146}{section.2.2}% 20
\BOOKMARK [2][-]{subsection.2.2.5}{\376\377\0002\000.\0002\000.\0005\000\040\126\372\133\232\154\024\122\250\227\142\122\250\122\233\133\146\124\214\226\100\207\272\122\233\167\351}{section.2.2}% 21
\BOOKMARK [1][-]{section.2.3}{\376\377\0002\000.\0003\000\040\123\314\155\265\220\123\122\250\122\233\133\146\122\006\147\220}{chapter.2}% 22
\BOOKMARK [2][-]{subsection.2.3.1}{\376\377\0002\000.\0003\000.\0001\000\040\155\265\220\123\230\316\142\107\122\250\122\233\133\146}{section.2.3}% 23
\BOOKMARK [2][-]{subsection.2.3.2}{\376\377\0002\000.\0003\000.\0002\000\040\144\315\176\265\227\142\122\250\122\233\133\146}{section.2.3}% 24
\BOOKMARK [1][-]{section.2.4}{\376\377\0002\000.\0004\000\040\155\265\220\123\145\340\116\272\147\072\116\377\167\037\152\041\127\213}{chapter.2}% 25
\BOOKMARK [1][-]{section.2.5}{\376\377\0002\000.\0005\000\040\147\054\172\340\134\017\176\323}{chapter.2}% 26
\BOOKMARK [0][-]{chapter.3}{\376\377\0003\000\040\155\265\220\123\230\316\142\107\137\017\145\340\116\272\147\072\166\204\201\352\142\227\142\160\143\247\122\066}{}% 27
\BOOKMARK [1][-]{section.3.1}{\376\377\0003\000.\0001\000\040\116\316\000P\000I\000D\143\247\122\066\122\060\201\352\142\227\142\160\143\247\122\066}{chapter.3}% 28
\BOOKMARK [1][-]{section.3.2}{\376\377\0003\000.\0002\000\040\201\352\142\227\142\160\143\247\122\066\126\150\123\237\164\006}{chapter.3}% 29
\BOOKMARK [2][-]{subsection.3.2.1}{\376\377\0003\000.\0002\000.\0001\000\040\215\337\216\052\137\256\122\006\126\150}{section.3.2}% 30
\BOOKMARK [2][-]{subsection.3.2.2}{\376\377\0003\000.\0002\000.\0002\000\040\142\151\137\040\162\266\140\001\211\302\155\113\126\150}{section.3.2}% 31
\BOOKMARK [2][-]{subsection.3.2.3}{\376\377\0003\000.\0002\000.\0003\000\040\227\136\176\277\140\047\213\357\135\356\123\315\231\210}{section.3.2}% 32
\BOOKMARK [1][-]{section.3.3}{\376\377\0003\000.\0003\000\040\201\352\142\227\142\160\143\247\122\066\166\204\145\066\145\133\140\047}{chapter.3}% 33
\BOOKMARK [1][-]{section.3.4}{\376\377\0003\000.\0004\000\040\155\265\220\123\230\316\142\107\137\017\145\340\116\272\147\072\166\204\201\352\142\227\142\160\143\247\122\066\174\373\176\337\213\276\213\241}{chapter.3}% 34
\BOOKMARK [2][-]{subsection.3.4.1}{\376\377\0003\000.\0004\000.\0001\000\040\215\337\216\052\137\256\122\006\126\150\213\276\213\241}{section.3.4}% 35
\BOOKMARK [2][-]{subsection.3.4.2}{\376\377\0003\000.\0004\000.\0002\000\040\142\151\137\040\162\266\140\001\211\302\155\113\126\150\213\276\213\241}{section.3.4}% 36
\BOOKMARK [2][-]{subsection.3.4.3}{\376\377\0003\000.\0004\000.\0003\000\040\213\357\135\356\123\315\231\210\213\276\213\241}{section.3.4}% 37
\BOOKMARK [2][-]{subsection.3.4.4}{\376\377\0003\000.\0004\000.\0004\000\040\131\377\140\001\143\247\122\066\225\355\163\257\174\373\176\337}{section.3.4}% 38
\BOOKMARK [1][-]{section.3.5}{\376\377\0003\000.\0005\000\040\147\054\172\340\134\017\176\323}{chapter.3}% 39
\BOOKMARK [0][-]{chapter.4}{\376\377\0004\000\040\155\265\220\123\230\316\142\107\137\017\145\340\116\272\147\072\166\204\143\247\122\066\122\006\221\115}{}% 40
\BOOKMARK [1][-]{section.4.1}{\376\377\0004\000.\0001\000\040\143\247\122\066\122\006\221\115\127\372\170\100}{chapter.4}% 41
\BOOKMARK [2][-]{subsection.4.1.1}{\376\377\0004\000.\0001\000.\0001\000\040\143\247\122\066\122\006\221\115\225\356\230\230}{section.4.1}% 42
\BOOKMARK [2][-]{subsection.4.1.2}{\376\377\0004\000.\0001\000.\0002\000\040\143\247\122\066\122\006\221\115\136\070\165\050\173\227\154\325}{section.4.1}% 43
\BOOKMARK [2][-]{subsection.4.1.3}{\376\377\0004\000.\0001\000.\0003\000\040\143\247\122\066\122\006\221\115\173\227\154\325\166\204\123\357\217\276\226\306}{section.4.1}% 44
\BOOKMARK [1][-]{section.4.2}{\376\377\0004\000.\0002\000\040\123\125\155\265\220\123\143\247\122\066\122\006\221\115}{chapter.4}% 45
\BOOKMARK [2][-]{subsection.4.2.1}{\376\377\0004\000.\0002\000.\0001\000\040\144\315\176\265\227\142\152\041\127\213}{section.4.2}% 46
\BOOKMARK [2][-]{subsection.4.2.2}{\376\377\0004\000.\0002\000.\0002\000\040\136\070\211\304\145\271\154\325\166\204\134\100\226\120\140\047}{section.4.2}% 47
\BOOKMARK [2][-]{subsection.4.2.3}{\376\377\0004\000.\0002\000.\0003\000\040\117\030\121\110\176\247\122\006\221\115}{section.4.2}% 48
\BOOKMARK [1][-]{section.4.3}{\376\377\0004\000.\0003\000\040\123\314\155\265\220\123\143\247\122\066\122\006\221\115}{chapter.4}% 49
\BOOKMARK [2][-]{subsection.4.3.1}{\376\377\0004\000.\0003\000.\0001\000\040\144\315\176\265\227\142\152\041\127\213}{section.4.3}% 50
\BOOKMARK [2][-]{subsection.4.3.2}{\376\377\0004\000.\0003\000.\0002\000\040\122\250\140\001\143\247\122\066\122\006\221\115}{section.4.3}% 51
\BOOKMARK [2][-]{subsection.4.3.3}{\376\377\0004\000.\0003\000.\0003\000\040\210\145\120\177\142\147\210\114\126\150\122\250\140\001}{section.4.3}% 52
\BOOKMARK [1][-]{section.4.4}{\376\377\0004\000.\0004\000\040\147\054\172\340\134\017\176\323}{chapter.4}% 53
\BOOKMARK [0][-]{chapter.5}{\376\377\0005\000\040\116\377\167\037\123\312\230\336\210\114\213\325\232\214}{}% 54
\BOOKMARK [1][-]{section.5.1}{\376\377\0005\000.\0001\000\040\123\125\155\265\220\123\116\377\167\037\122\006\147\220}{chapter.5}% 55
\BOOKMARK [2][-]{subsection.5.1.1}{\376\377\0005\000.\0001\000.\0001\000\040\152\041\127\213\232\214\213\301}{section.5.1}% 56
\BOOKMARK [2][-]{subsection.5.1.2}{\376\377\0005\000.\0001\000.\0002\000\040\000E\000S\000O\116\377\167\037}{section.5.1}% 57
\BOOKMARK [2][-]{subsection.5.1.3}{\376\377\0005\000.\0001\000.\0003\000\040\117\030\121\110\176\247\143\247\122\066\122\006\221\115\116\377\167\037}{section.5.1}% 58
\BOOKMARK [1][-]{section.5.2}{\376\377\0005\000.\0002\000\040\123\314\155\265\220\123\116\377\167\037\122\006\147\220}{chapter.5}% 59
\BOOKMARK [1][-]{section.5.3}{\376\377\0005\000.\0003\000\040\230\336\210\114\213\325\232\214}{chapter.5}% 60
\BOOKMARK [2][-]{subsection.5.3.1}{\376\377\0005\000.\0003\000.\0001\000\040\145\340\131\026\142\160\166\204\131\377\140\001\215\337\216\052}{section.5.3}% 61
\BOOKMARK [2][-]{subsection.5.3.2}{\376\377\0005\000.\0003\000.\0002\000\040\136\070\120\074\142\160\122\250\116\013\166\204\131\377\140\001\215\337\216\052}{section.5.3}% 62
\BOOKMARK [2][-]{subsection.5.3.3}{\376\377\0005\000.\0003\000.\0003\000\040\153\143\137\046\142\160\122\250\142\221\122\066\145\110\147\234}{section.5.3}% 63
\BOOKMARK [1][-]{section.5.4}{\376\377\0005\000.\0004\000\040\147\054\172\340\134\017\176\323}{chapter.5}% 64
\BOOKMARK [0][-]{chapter*.57}{\376\377\176\323\000\040\213\272}{}% 65
\BOOKMARK [0][-]{Item.44}{\376\377\123\302\200\003\145\207\163\056}{}% 66
\BOOKMARK [0][-]{chapter*.59}{\376\377\145\073\213\373\170\125\130\353\133\146\117\115\147\037\225\364\123\326\137\227\166\204\170\024\172\166\142\020\147\234}{}% 67
\BOOKMARK [0][-]{chapter*.61}{\376\377\201\364\214\042}{}% 68
